<?xml version="1.0" encoding="UTF-8"?>
<!-- Generated by org.testng.reporters.JUnitXMLReporter -->
<testsuite ignored="0" hostname="skps-MBP.local" failures="0" tests="1" name="Surefire test" time="1.499" errors="0" timestamp="2026-01-18T20:19:56 IST">
  <testcase classname="base.testUtils.BaseTest" name="@BeforeClass setUp" time="1.485">
    <failure type="java.lang.RuntimeException" message="Failed to read urls.json file">
      <![CDATA[java.lang.RuntimeException: Failed to read urls.json file
at framework/base.utils.JsonReader.getUrlByModule(JsonReader.java:32)
at framework/base.driver.DriverFactory.launchApp(DriverFactory.java:68)
at framework/base.testUtils.BaseTest.setUp(BaseTest.java:41)
at java.base/java.util.ArrayList.forEach(ArrayList.java:1511)
Caused by: java.io.FileNotFoundException: /Users/skpatro/mine/MyProjects 2/Selenium/SeleniumJavaFramework_SKP/cp/urls.json (No such file or directory)
at java.base/java.io.FileInputStream.open0(Native Method)
at java.base/java.io.FileInputStream.open(FileInputStream.java:216)
at java.base/java.io.FileInputStream.<init>(FileInputStream.java:157)
at com.fasterxml.jackson.core@2.15.2/com.fasterxml.jackson.core.TokenStreamFactory._fileInputStream(TokenStreamFactory.java:278)
at com.fasterxml.jackson.core@2.15.2/com.fasterxml.jackson.core.JsonFactory.createParser(JsonFactory.java:1089)
at com.fasterxml.jackson.databind@2.15.2/com.fasterxml.jackson.databind.ObjectMapper.readTree(ObjectMapper.java:3252)
at framework/base.utils.JsonReader.getUrlByModule(JsonReader.java:21)
... 33 more
... Removed 30 stack frames]]>
    </failure>
  </testcase> <!-- @BeforeClass setUp -->
  <testcase classname="base.testUtils.BaseTest" name="@BeforeMethod setUpSparktest" time="0.0">
    <skipped/>
  </testcase> <!-- @BeforeMethod setUpSparktest -->
  <testcase classname="base.testUtils.BaseTest" name="@AfterMethod SparktestResult" time="0.0">
    <skipped/>
  </testcase> <!-- @AfterMethod SparktestResult -->
  <testcase classname="base.testUtils.BaseTest" name="@AfterClass tearDown" time="0.0">
    <skipped/>
  </testcase> <!-- @AfterClass tearDown -->
  <testcase classname="testCases.CPTest" name="CPTest1" time="0.0">
    <skipped/>
  </testcase> <!-- CPTest1 -->
</testsuite> <!-- Surefire test -->
