<?xml version="1.0" encoding="UTF-8"?>
<testng-results ignored="0" total="1" passed="0" failed="0" skipped="1">
  <reporter-output>
  </reporter-output>
  <suite started-at="2026-01-18T20:19:49 IST" name="Surefire suite" finished-at="2026-01-18T20:19:51 IST" duration-ms="1499">
    <groups>
    </groups>
    <test started-at="2026-01-18T20:19:49 IST" name="Surefire test" finished-at="2026-01-18T20:19:51 IST" duration-ms="1499">
      <class name="testCases.CPTest">
        <test-method is-config="true" signature="setUp(java.lang.String,java.lang.String)[pri:0, instance:testCases.CPTest@1cf6d1be]" started-at="2026-01-18T20:19:49 IST" name="setUp" finished-at="2026-01-18T20:19:51 IST" duration-ms="1485" status="FAIL">
          <params>
            <param index="0">
              <value is-null="true"/>
            </param>
            <param index="1">
              <value is-null="true"/>
            </param>
          </params>
          <exception class="java.lang.RuntimeException">
            <message>
              <![CDATA[Failed to read urls.json file]]>
            </message>
            <full-stacktrace>
              <![CDATA[java.lang.RuntimeException: Failed to read urls.json file
at framework/base.utils.JsonReader.getUrlByModule(JsonReader.java:32)
at framework/base.driver.DriverFactory.launchApp(DriverFactory.java:68)
at framework/base.testUtils.BaseTest.setUp(BaseTest.java:41)
at java.base/jdk.internal.reflect.NativeMethodAccessorImpl.invoke0(Native Method)
at java.base/jdk.internal.reflect.NativeMethodAccessorImpl.invoke(NativeMethodAccessorImpl.java:77)
at java.base/jdk.internal.reflect.DelegatingMethodAccessorImpl.invoke(DelegatingMethodAccessorImpl.java:43)
at java.base/java.lang.reflect.Method.invoke(Method.java:568)
at org.testng@7.11.0/org.testng.internal.invokers.MethodInvocationHelper.invokeMethod(MethodInvocationHelper.java:141)
at org.testng@7.11.0/org.testng.internal.invokers.MethodInvocationHelper.invokeMethodConsideringTimeout(MethodInvocationHelper.java:71)
at org.testng@7.11.0/org.testng.internal.invokers.ConfigInvoker.invokeConfigurationMethod(ConfigInvoker.java:400)
at org.testng@7.11.0/org.testng.internal.invokers.ConfigInvoker.invokeConfigurations(ConfigInvoker.java:333)
at org.testng@7.11.0/org.testng.internal.invokers.TestMethodWorker.invokeBeforeClassMethods(TestMethodWorker.java:188)
at org.testng@7.11.0/org.testng.internal.invokers.TestMethodWorker.run(TestMethodWorker.java:128)
at java.base/java.util.ArrayList.forEach(ArrayList.java:1511)
at org.testng@7.11.0/org.testng.TestRunner.privateRun(TestRunner.java:741)
at org.testng@7.11.0/org.testng.TestRunner.run(TestRunner.java:616)
at org.testng@7.11.0/org.testng.SuiteRunner.runTest(SuiteRunner.java:421)
at org.testng@7.11.0/org.testng.SuiteRunner.runSequentially(SuiteRunner.java:413)
at org.testng@7.11.0/org.testng.SuiteRunner.privateRun(SuiteRunner.java:373)
at org.testng@7.11.0/org.testng.SuiteRunner.run(SuiteRunner.java:312)
at org.testng@7.11.0/org.testng.SuiteRunnerWorker.runSuite(SuiteRunnerWorker.java:52)
at org.testng@7.11.0/org.testng.SuiteRunnerWorker.run(SuiteRunnerWorker.java:95)
at org.testng@7.11.0/org.testng.TestNG.runSuitesSequentially(TestNG.java:1274)
at org.testng@7.11.0/org.testng.TestNG.runSuitesLocally(TestNG.java:1208)
at org.testng@7.11.0/org.testng.TestNG.runSuites(TestNG.java:1112)
at org.testng@7.11.0/org.testng.TestNG.run(TestNG.java:1079)
at org.apache.maven.surefire.testng.TestNGExecutor.run(TestNGExecutor.java:155)
at org.apache.maven.surefire.testng.TestNGDirectoryTestSuite.executeSingleClass(TestNGDirectoryTestSuite.java:102)
at org.apache.maven.surefire.testng.TestNGDirectoryTestSuite.execute(TestNGDirectoryTestSuite.java:91)
at org.apache.maven.surefire.testng.TestNGProvider.invoke(TestNGProvider.java:137)
at org.apache.maven.surefire.booter.ForkedBooter.runSuitesInProcess(ForkedBooter.java:385)
at org.apache.maven.surefire.booter.ForkedBooter.execute(ForkedBooter.java:162)
at org.apache.maven.surefire.booter.ForkedBooter.run(ForkedBooter.java:507)
at org.apache.maven.surefire.booter.ForkedBooter.main(ForkedBooter.java:495)
Caused by: java.io.FileNotFoundException: /Users/skpatro/mine/MyProjects 2/Selenium/SeleniumJavaFramework_SKP/cp/urls.json (No such file or directory)
at java.base/java.io.FileInputStream.open0(Native Method)
at java.base/java.io.FileInputStream.open(FileInputStream.java:216)
at java.base/java.io.FileInputStream.<init>(FileInputStream.java:157)
at com.fasterxml.jackson.core@2.15.2/com.fasterxml.jackson.core.TokenStreamFactory._fileInputStream(TokenStreamFactory.java:278)
at com.fasterxml.jackson.core@2.15.2/com.fasterxml.jackson.core.JsonFactory.createParser(JsonFactory.java:1089)
at com.fasterxml.jackson.databind@2.15.2/com.fasterxml.jackson.databind.ObjectMapper.readTree(ObjectMapper.java:3252)
at framework/base.utils.JsonReader.getUrlByModule(JsonReader.java:21)
... 33 more
]]>
            </full-stacktrace>
          </exception> <!-- java.lang.RuntimeException -->
          <reporter-output>
          </reporter-output>
        </test-method> <!-- setUp -->
        <test-method is-config="true" signature="setUpSparktest(org.testng.ITestResult)[pri:0, instance:testCases.CPTest@1cf6d1be]" started-at="2026-01-18T20:19:51 IST" name="setUpSparktest" finished-at="2026-01-18T20:19:51 IST" duration-ms="0" status="SKIP">
          <reporter-output>
          </reporter-output>
        </test-method> <!-- setUpSparktest -->
        <test-method signature="CPTest1()[pri:0, instance:testCases.CPTest@1cf6d1be]" started-at="2026-01-18T20:19:51 IST" name="CPTest1" finished-at="2026-01-18T20:19:51 IST" duration-ms="0" status="SKIP">
          <exception class="java.lang.RuntimeException">
            <message>
              <![CDATA[Failed to read urls.json file]]>
            </message>
            <full-stacktrace>
              <![CDATA[java.lang.RuntimeException: Failed to read urls.json file
at framework/base.utils.JsonReader.getUrlByModule(JsonReader.java:32)
at framework/base.driver.DriverFactory.launchApp(DriverFactory.java:68)
at framework/base.testUtils.BaseTest.setUp(BaseTest.java:41)
at java.base/jdk.internal.reflect.NativeMethodAccessorImpl.invoke0(Native Method)
at java.base/jdk.internal.reflect.NativeMethodAccessorImpl.invoke(NativeMethodAccessorImpl.java:77)
at java.base/jdk.internal.reflect.DelegatingMethodAccessorImpl.invoke(DelegatingMethodAccessorImpl.java:43)
at java.base/java.lang.reflect.Method.invoke(Method.java:568)
at org.testng@7.11.0/org.testng.internal.invokers.MethodInvocationHelper.invokeMethod(MethodInvocationHelper.java:141)
at org.testng@7.11.0/org.testng.internal.invokers.MethodInvocationHelper.invokeMethodConsideringTimeout(MethodInvocationHelper.java:71)
at org.testng@7.11.0/org.testng.internal.invokers.ConfigInvoker.invokeConfigurationMethod(ConfigInvoker.java:400)
at org.testng@7.11.0/org.testng.internal.invokers.ConfigInvoker.invokeConfigurations(ConfigInvoker.java:333)
at org.testng@7.11.0/org.testng.internal.invokers.TestMethodWorker.invokeBeforeClassMethods(TestMethodWorker.java:188)
at org.testng@7.11.0/org.testng.internal.invokers.TestMethodWorker.run(TestMethodWorker.java:128)
at java.base/java.util.ArrayList.forEach(ArrayList.java:1511)
at org.testng@7.11.0/org.testng.TestRunner.privateRun(TestRunner.java:741)
at org.testng@7.11.0/org.testng.TestRunner.run(TestRunner.java:616)
at org.testng@7.11.0/org.testng.SuiteRunner.runTest(SuiteRunner.java:421)
at org.testng@7.11.0/org.testng.SuiteRunner.runSequentially(SuiteRunner.java:413)
at org.testng@7.11.0/org.testng.SuiteRunner.privateRun(SuiteRunner.java:373)
at org.testng@7.11.0/org.testng.SuiteRunner.run(SuiteRunner.java:312)
at org.testng@7.11.0/org.testng.SuiteRunnerWorker.runSuite(SuiteRunnerWorker.java:52)
at org.testng@7.11.0/org.testng.SuiteRunnerWorker.run(SuiteRunnerWorker.java:95)
at org.testng@7.11.0/org.testng.TestNG.runSuitesSequentially(TestNG.java:1274)
at org.testng@7.11.0/org.testng.TestNG.runSuitesLocally(TestNG.java:1208)
at org.testng@7.11.0/org.testng.TestNG.runSuites(TestNG.java:1112)
at org.testng@7.11.0/org.testng.TestNG.run(TestNG.java:1079)
at org.apache.maven.surefire.testng.TestNGExecutor.run(TestNGExecutor.java:155)
at org.apache.maven.surefire.testng.TestNGDirectoryTestSuite.executeSingleClass(TestNGDirectoryTestSuite.java:102)
at org.apache.maven.surefire.testng.TestNGDirectoryTestSuite.execute(TestNGDirectoryTestSuite.java:91)
at org.apache.maven.surefire.testng.TestNGProvider.invoke(TestNGProvider.java:137)
at org.apache.maven.surefire.booter.ForkedBooter.runSuitesInProcess(ForkedBooter.java:385)
at org.apache.maven.surefire.booter.ForkedBooter.execute(ForkedBooter.java:162)
at org.apache.maven.surefire.booter.ForkedBooter.run(ForkedBooter.java:507)
at org.apache.maven.surefire.booter.ForkedBooter.main(ForkedBooter.java:495)
Caused by: java.io.FileNotFoundException: /Users/skpatro/mine/MyProjects 2/Selenium/SeleniumJavaFramework_SKP/cp/urls.json (No such file or directory)
at java.base/java.io.FileInputStream.open0(Native Method)
at java.base/java.io.FileInputStream.open(FileInputStream.java:216)
at java.base/java.io.FileInputStream.<init>(FileInputStream.java:157)
at com.fasterxml.jackson.core@2.15.2/com.fasterxml.jackson.core.TokenStreamFactory._fileInputStream(TokenStreamFactory.java:278)
at com.fasterxml.jackson.core@2.15.2/com.fasterxml.jackson.core.JsonFactory.createParser(JsonFactory.java:1089)
at com.fasterxml.jackson.databind@2.15.2/com.fasterxml.jackson.databind.ObjectMapper.readTree(ObjectMapper.java:3252)
at framework/base.utils.JsonReader.getUrlByModule(JsonReader.java:21)
... 33 more
]]>
            </full-stacktrace>
          </exception> <!-- java.lang.RuntimeException -->
          <reporter-output>
          </reporter-output>
        </test-method> <!-- CPTest1 -->
        <test-method is-config="true" signature="SparktestResult(org.testng.ITestResult)[pri:0, instance:testCases.CPTest@1cf6d1be]" started-at="2026-01-18T20:19:51 IST" name="SparktestResult" finished-at="2026-01-18T20:19:51 IST" duration-ms="0" status="SKIP">
          <reporter-output>
          </reporter-output>
        </test-method> <!-- SparktestResult -->
        <test-method is-config="true" signature="tearDown()[pri:0, instance:testCases.CPTest@1cf6d1be]" started-at="2026-01-18T20:19:51 IST" name="tearDown" finished-at="2026-01-18T20:19:51 IST" duration-ms="0" status="SKIP">
          <reporter-output>
          </reporter-output>
        </test-method> <!-- tearDown -->
        <test-method is-config="true" signature="sparkFlush()[pri:0, instance:testCases.CPTest@1cf6d1be]" started-at="2026-01-18T20:19:56 IST" name="sparkFlush" finished-at="2026-01-18T20:19:56 IST" duration-ms="178" status="PASS">
          <reporter-output>
          </reporter-output>
        </test-method> <!-- sparkFlush -->
      </class> <!-- testCases.CPTest -->
    </test> <!-- Surefire test -->
  </suite> <!-- Surefire suite -->
</testng-results>
